Traceback (most recent call last):
  File "/home/eva/PHOENIX/projects/20260419_DEFECT_FIELD_ML/training_data/hs04_ss08/run/result/hs04_ss08/hs04_ss08_plot_thermal_history.py", line 6, in <module>
    data = np.loadtxt("hs04_ss08_thermal_history.txt", comments="#")
           ^^^^^^^^^^^^^^^^^^^^^^^^^^^^^^^^^^^^^^^^^^^^^^^^^^^^^^^^^
  File "/usr/lib/python3/dist-packages/numpy/lib/npyio.py", line 1373, in loadtxt
    arr = _read(fname, dtype=dtype, comment=comment, delimiter=delimiter,
          ^^^^^^^^^^^^^^^^^^^^^^^^^^^^^^^^^^^^^^^^^^^^^^^^^^^^^^^^^^^^^^^
  File "/usr/lib/python3/dist-packages/numpy/lib/npyio.py", line 1016, in _read
    arr = _load_from_filelike(
          ^^^^^^^^^^^^^^^^^^^^
ValueError: the number of columns changed from 11 to 19 at row 672; use `usecols` to select a subset and avoid this error
Traceback (most recent call last):
  File "/home/eva/PHOENIX/projects/20260419_DEFECT_FIELD_ML/training_data/hs04_ss08/run/result/hs04_ss08/hs04_ss08_plot_meltpool.py", line 6, in <module>
    data = np.loadtxt("hs04_ss08_meltpool_history.txt", comments="#")
           ^^^^^^^^^^^^^^^^^^^^^^^^^^^^^^^^^^^^^^^^^^^^^^^^^^^^^^^^^^
  File "/usr/lib/python3/dist-packages/numpy/lib/npyio.py", line 1373, in loadtxt
    arr = _read(fname, dtype=dtype, comment=comment, delimiter=delimiter,
          ^^^^^^^^^^^^^^^^^^^^^^^^^^^^^^^^^^^^^^^^^^^^^^^^^^^^^^^^^^^^^^^
  File "/usr/lib/python3/dist-packages/numpy/lib/npyio.py", line 1016, in _read
    arr = _load_from_filelike(
          ^^^^^^^^^^^^^^^^^^^^
ValueError: the number of columns changed from 7 to 10 at row 682; use `usecols` to select a subset and avoid this error
Note: The following floating-point exceptions are signalling: IEEE_INVALID_FLAG IEEE_UNDERFLOW_FLAG
