/home/eva/.local/lib/python3.12/site-packages/sklearn/neural_network/_multilayer_perceptron.py:785: ConvergenceWarning: Stochastic Optimizer: Maximum iterations (5000) reached and the optimization hasn't converged yet.
  warnings.warn(
/home/eva/.local/lib/python3.12/site-packages/sklearn/neural_network/_multilayer_perceptron.py:785: ConvergenceWarning: Stochastic Optimizer: Maximum iterations (5000) reached and the optimization hasn't converged yet.
  warnings.warn(
/home/eva/.local/lib/python3.12/site-packages/sklearn/neural_network/_multilayer_perceptron.py:785: ConvergenceWarning: Stochastic Optimizer: Maximum iterations (5000) reached and the optimization hasn't converged yet.
  warnings.warn(
/home/eva/.local/lib/python3.12/site-packages/sklearn/neural_network/_multilayer_perceptron.py:785: ConvergenceWarning: Stochastic Optimizer: Maximum iterations (5000) reached and the optimization hasn't converged yet.
  warnings.warn(
/home/eva/.local/lib/python3.12/site-packages/sklearn/neural_network/_multilayer_perceptron.py:785: ConvergenceWarning: Stochastic Optimizer: Maximum iterations (5000) reached and the optimization hasn't converged yet.
  warnings.warn(
/home/eva/.local/lib/python3.12/site-packages/sklearn/neural_network/_multilayer_perceptron.py:785: ConvergenceWarning: Stochastic Optimizer: Maximum iterations (5000) reached and the optimization hasn't converged yet.
  warnings.warn(
/home/eva/.local/lib/python3.12/site-packages/sklearn/neural_network/_multilayer_perceptron.py:785: ConvergenceWarning: Stochastic Optimizer: Maximum iterations (5000) reached and the optimization hasn't converged yet.
  warnings.warn(
/home/eva/.local/lib/python3.12/site-packages/sklearn/neural_network/_multilayer_perceptron.py:785: ConvergenceWarning: Stochastic Optimizer: Maximum iterations (5000) reached and the optimization hasn't converged yet.
  warnings.warn(
/home/eva/.local/lib/python3.12/site-packages/sklearn/neural_network/_multilayer_perceptron.py:785: ConvergenceWarning: Stochastic Optimizer: Maximum iterations (5000) reached and the optimization hasn't converged yet.
  warnings.warn(
/home/eva/.local/lib/python3.12/site-packages/sklearn/neural_network/_multilayer_perceptron.py:785: ConvergenceWarning: Stochastic Optimizer: Maximum iterations (5000) reached and the optimization hasn't converged yet.
  warnings.warn(
/home/eva/.local/lib/python3.12/site-packages/sklearn/neural_network/_multilayer_perceptron.py:785: ConvergenceWarning: Stochastic Optimizer: Maximum iterations (5000) reached and the optimization hasn't converged yet.
  warnings.warn(
/home/eva/.local/lib/python3.12/site-packages/sklearn/neural_network/_multilayer_perceptron.py:785: ConvergenceWarning: Stochastic Optimizer: Maximum iterations (5000) reached and the optimization hasn't converged yet.
  warnings.warn(
/home/eva/.local/lib/python3.12/site-packages/sklearn/neural_network/_multilayer_perceptron.py:785: ConvergenceWarning: Stochastic Optimizer: Maximum iterations (5000) reached and the optimization hasn't converged yet.
  warnings.warn(
/home/eva/.local/lib/python3.12/site-packages/sklearn/neural_network/_multilayer_perceptron.py:785: ConvergenceWarning: Stochastic Optimizer: Maximum iterations (5000) reached and the optimization hasn't converged yet.
  warnings.warn(
/home/eva/.local/lib/python3.12/site-packages/sklearn/neural_network/_multilayer_perceptron.py:785: ConvergenceWarning: Stochastic Optimizer: Maximum iterations (5000) reached and the optimization hasn't converged yet.
  warnings.warn(
/home/eva/.local/lib/python3.12/site-packages/sklearn/neural_network/_multilayer_perceptron.py:785: ConvergenceWarning: Stochastic Optimizer: Maximum iterations (5000) reached and the optimization hasn't converged yet.
  warnings.warn(
/home/eva/.local/lib/python3.12/site-packages/sklearn/neural_network/_multilayer_perceptron.py:785: ConvergenceWarning: Stochastic Optimizer: Maximum iterations (5000) reached and the optimization hasn't converged yet.
  warnings.warn(
/home/eva/.local/lib/python3.12/site-packages/sklearn/neural_network/_multilayer_perceptron.py:785: ConvergenceWarning: Stochastic Optimizer: Maximum iterations (5000) reached and the optimization hasn't converged yet.
  warnings.warn(
/home/eva/.local/lib/python3.12/site-packages/sklearn/neural_network/_multilayer_perceptron.py:785: ConvergenceWarning: Stochastic Optimizer: Maximum iterations (5000) reached and the optimization hasn't converged yet.
  warnings.warn(
/home/eva/.local/lib/python3.12/site-packages/sklearn/neural_network/_multilayer_perceptron.py:785: ConvergenceWarning: Stochastic Optimizer: Maximum iterations (5000) reached and the optimization hasn't converged yet.
  warnings.warn(
/home/eva/.local/lib/python3.12/site-packages/sklearn/neural_network/_multilayer_perceptron.py:785: ConvergenceWarning: Stochastic Optimizer: Maximum iterations (5000) reached and the optimization hasn't converged yet.
  warnings.warn(
/home/eva/.local/lib/python3.12/site-packages/sklearn/neural_network/_multilayer_perceptron.py:785: ConvergenceWarning: Stochastic Optimizer: Maximum iterations (5000) reached and the optimization hasn't converged yet.
  warnings.warn(
/home/eva/.local/lib/python3.12/site-packages/sklearn/neural_network/_multilayer_perceptron.py:785: ConvergenceWarning: Stochastic Optimizer: Maximum iterations (5000) reached and the optimization hasn't converged yet.
  warnings.warn(
/home/eva/.local/lib/python3.12/site-packages/sklearn/neural_network/_multilayer_perceptron.py:785: ConvergenceWarning: Stochastic Optimizer: Maximum iterations (5000) reached and the optimization hasn't converged yet.
  warnings.warn(
/home/eva/.local/lib/python3.12/site-packages/sklearn/neural_network/_multilayer_perceptron.py:785: ConvergenceWarning: Stochastic Optimizer: Maximum iterations (5000) reached and the optimization hasn't converged yet.
  warnings.warn(
/home/eva/.local/lib/python3.12/site-packages/sklearn/neural_network/_multilayer_perceptron.py:785: ConvergenceWarning: Stochastic Optimizer: Maximum iterations (5000) reached and the optimization hasn't converged yet.
  warnings.warn(
/home/eva/.local/lib/python3.12/site-packages/sklearn/neural_network/_multilayer_perceptron.py:785: ConvergenceWarning: Stochastic Optimizer: Maximum iterations (5000) reached and the optimization hasn't converged yet.
  warnings.warn(
/home/eva/.local/lib/python3.12/site-packages/sklearn/neural_network/_multilayer_perceptron.py:785: ConvergenceWarning: Stochastic Optimizer: Maximum iterations (5000) reached and the optimization hasn't converged yet.
  warnings.warn(
/home/eva/.local/lib/python3.12/site-packages/sklearn/neural_network/_multilayer_perceptron.py:785: ConvergenceWarning: Stochastic Optimizer: Maximum iterations (5000) reached and the optimization hasn't converged yet.
  warnings.warn(
/home/eva/.local/lib/python3.12/site-packages/sklearn/neural_network/_multilayer_perceptron.py:785: ConvergenceWarning: Stochastic Optimizer: Maximum iterations (5000) reached and the optimization hasn't converged yet.
  warnings.warn(
/home/eva/.local/lib/python3.12/site-packages/sklearn/neural_network/_multilayer_perceptron.py:785: ConvergenceWarning: Stochastic Optimizer: Maximum iterations (5000) reached and the optimization hasn't converged yet.
  warnings.warn(
/home/eva/.local/lib/python3.12/site-packages/sklearn/neural_network/_multilayer_perceptron.py:785: ConvergenceWarning: Stochastic Optimizer: Maximum iterations (5000) reached and the optimization hasn't converged yet.
  warnings.warn(
/home/eva/.local/lib/python3.12/site-packages/sklearn/neural_network/_multilayer_perceptron.py:785: ConvergenceWarning: Stochastic Optimizer: Maximum iterations (5000) reached and the optimization hasn't converged yet.
  warnings.warn(
/home/eva/.local/lib/python3.12/site-packages/sklearn/neural_network/_multilayer_perceptron.py:785: ConvergenceWarning: Stochastic Optimizer: Maximum iterations (5000) reached and the optimization hasn't converged yet.
  warnings.warn(
/home/eva/.local/lib/python3.12/site-packages/sklearn/neural_network/_multilayer_perceptron.py:785: ConvergenceWarning: Stochastic Optimizer: Maximum iterations (5000) reached and the optimization hasn't converged yet.
  warnings.warn(
/home/eva/.local/lib/python3.12/site-packages/sklearn/neural_network/_multilayer_perceptron.py:785: ConvergenceWarning: Stochastic Optimizer: Maximum iterations (5000) reached and the optimization hasn't converged yet.
  warnings.warn(
/home/eva/.local/lib/python3.12/site-packages/sklearn/neural_network/_multilayer_perceptron.py:785: ConvergenceWarning: Stochastic Optimizer: Maximum iterations (5000) reached and the optimization hasn't converged yet.
  warnings.warn(
/home/eva/.local/lib/python3.12/site-packages/sklearn/neural_network/_multilayer_perceptron.py:785: ConvergenceWarning: Stochastic Optimizer: Maximum iterations (5000) reached and the optimization hasn't converged yet.
  warnings.warn(
/home/eva/.local/lib/python3.12/site-packages/sklearn/neural_network/_multilayer_perceptron.py:785: ConvergenceWarning: Stochastic Optimizer: Maximum iterations (5000) reached and the optimization hasn't converged yet.
  warnings.warn(
/home/eva/.local/lib/python3.12/site-packages/sklearn/neural_network/_multilayer_perceptron.py:785: ConvergenceWarning: Stochastic Optimizer: Maximum iterations (5000) reached and the optimization hasn't converged yet.
  warnings.warn(
/home/eva/.local/lib/python3.12/site-packages/sklearn/neural_network/_multilayer_perceptron.py:785: ConvergenceWarning: Stochastic Optimizer: Maximum iterations (5000) reached and the optimization hasn't converged yet.
  warnings.warn(
/home/eva/.local/lib/python3.12/site-packages/sklearn/neural_network/_multilayer_perceptron.py:785: ConvergenceWarning: Stochastic Optimizer: Maximum iterations (5000) reached and the optimization hasn't converged yet.
  warnings.warn(
/home/eva/.local/lib/python3.12/site-packages/sklearn/neural_network/_multilayer_perceptron.py:785: ConvergenceWarning: Stochastic Optimizer: Maximum iterations (5000) reached and the optimization hasn't converged yet.
  warnings.warn(
/home/eva/.local/lib/python3.12/site-packages/sklearn/neural_network/_multilayer_perceptron.py:785: ConvergenceWarning: Stochastic Optimizer: Maximum iterations (5000) reached and the optimization hasn't converged yet.
  warnings.warn(
/home/eva/.local/lib/python3.12/site-packages/sklearn/neural_network/_multilayer_perceptron.py:785: ConvergenceWarning: Stochastic Optimizer: Maximum iterations (5000) reached and the optimization hasn't converged yet.
  warnings.warn(
/home/eva/.local/lib/python3.12/site-packages/sklearn/neural_network/_multilayer_perceptron.py:785: ConvergenceWarning: Stochastic Optimizer: Maximum iterations (5000) reached and the optimization hasn't converged yet.
  warnings.warn(
/home/eva/.local/lib/python3.12/site-packages/sklearn/neural_network/_multilayer_perceptron.py:785: ConvergenceWarning: Stochastic Optimizer: Maximum iterations (5000) reached and the optimization hasn't converged yet.
  warnings.warn(
/home/eva/.local/lib/python3.12/site-packages/sklearn/neural_network/_multilayer_perceptron.py:785: ConvergenceWarning: Stochastic Optimizer: Maximum iterations (5000) reached and the optimization hasn't converged yet.
  warnings.warn(
/home/eva/.local/lib/python3.12/site-packages/sklearn/neural_network/_multilayer_perceptron.py:785: ConvergenceWarning: Stochastic Optimizer: Maximum iterations (5000) reached and the optimization hasn't converged yet.
  warnings.warn(
/home/eva/.local/lib/python3.12/site-packages/sklearn/neural_network/_multilayer_perceptron.py:785: ConvergenceWarning: Stochastic Optimizer: Maximum iterations (5000) reached and the optimization hasn't converged yet.
  warnings.warn(
/home/eva/.local/lib/python3.12/site-packages/sklearn/neural_network/_multilayer_perceptron.py:785: ConvergenceWarning: Stochastic Optimizer: Maximum iterations (5000) reached and the optimization hasn't converged yet.
  warnings.warn(
/home/eva/.local/lib/python3.12/site-packages/sklearn/neural_network/_multilayer_perceptron.py:785: ConvergenceWarning: Stochastic Optimizer: Maximum iterations (5000) reached and the optimization hasn't converged yet.
  warnings.warn(
/home/eva/.local/lib/python3.12/site-packages/sklearn/neural_network/_multilayer_perceptron.py:785: ConvergenceWarning: Stochastic Optimizer: Maximum iterations (5000) reached and the optimization hasn't converged yet.
  warnings.warn(
/home/eva/.local/lib/python3.12/site-packages/sklearn/neural_network/_multilayer_perceptron.py:785: ConvergenceWarning: Stochastic Optimizer: Maximum iterations (5000) reached and the optimization hasn't converged yet.
  warnings.warn(
/home/eva/.local/lib/python3.12/site-packages/sklearn/neural_network/_multilayer_perceptron.py:785: ConvergenceWarning: Stochastic Optimizer: Maximum iterations (5000) reached and the optimization hasn't converged yet.
  warnings.warn(
/home/eva/.local/lib/python3.12/site-packages/sklearn/neural_network/_multilayer_perceptron.py:785: ConvergenceWarning: Stochastic Optimizer: Maximum iterations (5000) reached and the optimization hasn't converged yet.
  warnings.warn(
/home/eva/.local/lib/python3.12/site-packages/sklearn/neural_network/_multilayer_perceptron.py:785: ConvergenceWarning: Stochastic Optimizer: Maximum iterations (5000) reached and the optimization hasn't converged yet.
  warnings.warn(
/home/eva/.local/lib/python3.12/site-packages/sklearn/neural_network/_multilayer_perceptron.py:785: ConvergenceWarning: Stochastic Optimizer: Maximum iterations (5000) reached and the optimization hasn't converged yet.
  warnings.warn(
/home/eva/.local/lib/python3.12/site-packages/sklearn/neural_network/_multilayer_perceptron.py:785: ConvergenceWarning: Stochastic Optimizer: Maximum iterations (5000) reached and the optimization hasn't converged yet.
  warnings.warn(
/home/eva/.local/lib/python3.12/site-packages/sklearn/neural_network/_multilayer_perceptron.py:785: ConvergenceWarning: Stochastic Optimizer: Maximum iterations (5000) reached and the optimization hasn't converged yet.
  warnings.warn(
/home/eva/.local/lib/python3.12/site-packages/sklearn/neural_network/_multilayer_perceptron.py:785: ConvergenceWarning: Stochastic Optimizer: Maximum iterations (5000) reached and the optimization hasn't converged yet.
  warnings.warn(
/home/eva/.local/lib/python3.12/site-packages/sklearn/neural_network/_multilayer_perceptron.py:785: ConvergenceWarning: Stochastic Optimizer: Maximum iterations (5000) reached and the optimization hasn't converged yet.
  warnings.warn(
/home/eva/.local/lib/python3.12/site-packages/sklearn/neural_network/_multilayer_perceptron.py:785: ConvergenceWarning: Stochastic Optimizer: Maximum iterations (5000) reached and the optimization hasn't converged yet.
  warnings.warn(
/home/eva/.local/lib/python3.12/site-packages/sklearn/neural_network/_multilayer_perceptron.py:785: ConvergenceWarning: Stochastic Optimizer: Maximum iterations (5000) reached and the optimization hasn't converged yet.
  warnings.warn(
/home/eva/.local/lib/python3.12/site-packages/sklearn/neural_network/_multilayer_perceptron.py:785: ConvergenceWarning: Stochastic Optimizer: Maximum iterations (5000) reached and the optimization hasn't converged yet.
  warnings.warn(
/home/eva/.local/lib/python3.12/site-packages/sklearn/neural_network/_multilayer_perceptron.py:785: ConvergenceWarning: Stochastic Optimizer: Maximum iterations (5000) reached and the optimization hasn't converged yet.
  warnings.warn(
/home/eva/.local/lib/python3.12/site-packages/sklearn/neural_network/_multilayer_perceptron.py:785: ConvergenceWarning: Stochastic Optimizer: Maximum iterations (5000) reached and the optimization hasn't converged yet.
  warnings.warn(
/home/eva/.local/lib/python3.12/site-packages/sklearn/neural_network/_multilayer_perceptron.py:785: ConvergenceWarning: Stochastic Optimizer: Maximum iterations (5000) reached and the optimization hasn't converged yet.
  warnings.warn(
/home/eva/.local/lib/python3.12/site-packages/sklearn/neural_network/_multilayer_perceptron.py:785: ConvergenceWarning: Stochastic Optimizer: Maximum iterations (5000) reached and the optimization hasn't converged yet.
  warnings.warn(
/home/eva/.local/lib/python3.12/site-packages/sklearn/neural_network/_multilayer_perceptron.py:785: ConvergenceWarning: Stochastic Optimizer: Maximum iterations (5000) reached and the optimization hasn't converged yet.
  warnings.warn(
/home/eva/.local/lib/python3.12/site-packages/sklearn/neural_network/_multilayer_perceptron.py:785: ConvergenceWarning: Stochastic Optimizer: Maximum iterations (5000) reached and the optimization hasn't converged yet.
  warnings.warn(
/home/eva/.local/lib/python3.12/site-packages/sklearn/neural_network/_multilayer_perceptron.py:785: ConvergenceWarning: Stochastic Optimizer: Maximum iterations (5000) reached and the optimization hasn't converged yet.
  warnings.warn(
/home/eva/.local/lib/python3.12/site-packages/sklearn/neural_network/_multilayer_perceptron.py:785: ConvergenceWarning: Stochastic Optimizer: Maximum iterations (5000) reached and the optimization hasn't converged yet.
  warnings.warn(
/home/eva/.local/lib/python3.12/site-packages/sklearn/neural_network/_multilayer_perceptron.py:785: ConvergenceWarning: Stochastic Optimizer: Maximum iterations (5000) reached and the optimization hasn't converged yet.
  warnings.warn(
/home/eva/.local/lib/python3.12/site-packages/sklearn/neural_network/_multilayer_perceptron.py:785: ConvergenceWarning: Stochastic Optimizer: Maximum iterations (5000) reached and the optimization hasn't converged yet.
  warnings.warn(
/home/eva/.local/lib/python3.12/site-packages/sklearn/neural_network/_multilayer_perceptron.py:785: ConvergenceWarning: Stochastic Optimizer: Maximum iterations (5000) reached and the optimization hasn't converged yet.
  warnings.warn(
/home/eva/.local/lib/python3.12/site-packages/sklearn/neural_network/_multilayer_perceptron.py:785: ConvergenceWarning: Stochastic Optimizer: Maximum iterations (5000) reached and the optimization hasn't converged yet.
  warnings.warn(
/home/eva/.local/lib/python3.12/site-packages/sklearn/neural_network/_multilayer_perceptron.py:785: ConvergenceWarning: Stochastic Optimizer: Maximum iterations (5000) reached and the optimization hasn't converged yet.
  warnings.warn(
/home/eva/.local/lib/python3.12/site-packages/sklearn/neural_network/_multilayer_perceptron.py:785: ConvergenceWarning: Stochastic Optimizer: Maximum iterations (5000) reached and the optimization hasn't converged yet.
  warnings.warn(
=== Step 3: NN Training ===
Using latent dimension d=4 from autoencoder step
Training data: 100 samples, 4 latent dims
Fitting MLP on all 100 training samples...
  Final training MSE: 0.048384
  Iterations: 8821
Running leave-one-out cross-validation...
  LOO 10/100
  LOO 20/100
  LOO 30/100
  LOO 40/100
  LOO 50/100
  LOO 60/100
  LOO 70/100
  LOO 80/100
  LOO 90/100
  LOO 100/100
  LOO-CV mean MSE: 1.0207  max: 24.7483
Models saved in /home/eva/PHOENIX/projects/20260419_DEFECT_FIELD_ML/models/nn
Saved /home/eva/PHOENIX/projects/20260419_DEFECT_FIELD_ML/results/nn_loss.png
Saved /home/eva/PHOENIX/projects/20260419_DEFECT_FIELD_ML/results/nn_latent_parity.png
Saved /home/eva/PHOENIX/projects/20260419_DEFECT_FIELD_ML/results/nn_loo_cv.png

NN training complete. LOO-CV mean MSE=1.0207
