Re-running 45 missing cases, 4 in parallel...
Done: hs04_ss09
Terminated
Terminated
Terminated
Re-running 44 cases, 4 in parallel (no vtkmov output)...
Done: hs05_ss08
Done: hs05_ss04
Done: hs05_ss01
Done: hs05_ss09
Done: hs05_ss00
Done: hs06_ss00
Done: hs06_ss02
Done: hs06_ss03
Done: hs06_ss01
Done: hs06_ss04
Done: hs06_ss05
Done: hs06_ss06
Done: hs06_ss07
Done: hs06_ss08
Done: hs06_ss09
Done: hs07_ss01
Done: hs07_ss03
Done: hs07_ss00
Done: hs07_ss02
Done: hs07_ss04
Done: hs07_ss05
Done: hs07_ss06
Done: hs07_ss07
Done: hs07_ss08
Done: hs07_ss09
Done: hs08_ss01
Done: hs08_ss00
Done: hs08_ss02
Done: hs08_ss04
Done: hs08_ss05
Done: hs08_ss06
Done: hs08_ss07
Done: hs08_ss08
Done: hs08_ss09
Done: hs09_ss01
Done: hs09_ss02
Done: hs09_ss00
Done: hs09_ss03
Done: hs09_ss04
Done: hs09_ss05
Done: hs09_ss06
Done: hs09_ss07
Done: hs09_ss08
Done: hs09_ss09
All missing cases complete.
